0 info it worked if it ends with ok
1 verbose cli [ 'D:\\myapp\\react\\workspace\\feedAds-ideaEditor-demo\\node.exe',
1 verbose cli   'D:\\myapp\\react\\workspace\\feedAds-ideaEditor-demo\\node_modules\\npm\\bin\\npm-cli.js',
1 verbose cli   'install' ]
2 info using npm@2.15.1
3 info using node@v4.4.3
4 verbose stack Error: EPERM: operation not permitted, mkdir 'c:\Program Files\nodejs\feedAds-ideaEditor-demo'
4 verbose stack     at Error (native)
5 verbose cwd D:\myapp\react\workspace\feedAds-ideaEditor-demo
6 error Windows_NT 10.0.16299
7 error argv "D:\\myapp\\react\\workspace\\feedAds-ideaEditor-demo\\node.exe" "D:\\myapp\\react\\workspace\\feedAds-ideaEditor-demo\\node_modules\\npm\\bin\\npm-cli.js" "install"
8 error node v4.4.3
9 error npm  v2.15.1
10 error path c:\Program Files\nodejs\feedAds-ideaEditor-demo
11 error code EPERM
12 error errno -4048
13 error syscall mkdir
14 error Error: EPERM: operation not permitted, mkdir 'c:\Program Files\nodejs\feedAds-ideaEditor-demo'
14 error     at Error (native)
14 error  { [Error: EPERM: operation not permitted, mkdir 'c:\Program Files\nodejs\feedAds-ideaEditor-demo']
14 error   errno: -4048,
14 error   code: 'EPERM',
14 error   syscall: 'mkdir',
14 error   path: 'c:\\Program Files\\nodejs\\feedAds-ideaEditor-demo' }
15 error Please try running this command again as root/Administrator.
16 verbose exit [ -4048, true ]
