0 info it worked if it ends with ok
1 verbose cli [ 'D:\\myapp\\react\\workspace\\feedAds-ideaEditor-demo\\node.exe',
1 verbose cli   'D:\\myapp\\react\\workspace\\feedAds-ideaEditor-demo\\node_modules\\npm\\bin\\npm-cli.js',
1 verbose cli   'install' ]
2 info using npm@2.15.1
3 info using node@v4.4.3
4 verbose readDependencies loading dependencies from D:\myapp\react\workspace\package.json
5 error install Couldn't read dependencies
6 verbose stack Error: ENOENT: no such file or directory, open 'D:\myapp\react\workspace\package.json'
6 verbose stack     at Error (native)
7 verbose cwd D:\myapp\react\workspace
8 error Windows_NT 10.0.16299
9 error argv "D:\\myapp\\react\\workspace\\feedAds-ideaEditor-demo\\node.exe" "D:\\myapp\\react\\workspace\\feedAds-ideaEditor-demo\\node_modules\\npm\\bin\\npm-cli.js" "install"
10 error node v4.4.3
11 error npm  v2.15.1
12 error path D:\myapp\react\workspace\package.json
13 error code ENOPACKAGEJSON
14 error errno -4058
15 error syscall open
16 error package.json ENOENT: no such file or directory, open 'D:\myapp\react\workspace\package.json'
16 error package.json This is most likely not a problem with npm itself.
16 error package.json npm can't find a package.json file in your current directory.
17 verbose exit [ -4058, true ]
